<?xml version="1.0" encoding="UTF-8"?>
<!-- Generated by org.testng.reporters.JUnitXMLReporter -->
<testsuite ignored="0" hostname="DESKTOP-JHUJL83" failures="0" tests="3" name="SmokeTest" time="14.497" errors="0" timestamp="2023-12-17T11:39:57 EST">
  <testcase classname="com.qa.testNg.ClassOne" name="facebookTest" time="7.417"/>
  <testcase classname="com.qa.testNg.ClassOne" name="googleTest" time="6.994"/>
  <testcase classname="com.qa.testNg.ClassTwo" name="testOrangeHRM" time="0.002"/>
</testsuite> <!-- SmokeTest -->
