<?xml version="1.0" encoding="UTF-8"?>
<!-- Generated by org.testng.reporters.JUnitXMLReporter -->
<testsuite ignored="2" hostname="DESKTOP-JHUJL83" failures="0" tests="3" name="Login Test" time="10.344" errors="0" timestamp="2023-12-23T13:50:01 EST">
  <testcase classname="com.smart.parameters.OrangeHRMTest" name="launchApplication" time="3.176"/>
  <testcase classname="com.smart.parameters.OrangeHRMTest" name="loginToTheApplication" time="2.073"/>
  <testcase classname="com.smart.parameters.OrangeHRMTest" name="validateLogin" time="0.425"/>
  <testcase classname="com.smart.parameters.OrangeHRMTest" name="verifyMyInfo" time="0.0">
    <ignored/>
  </testcase> <!-- verifyMyInfo -->
  <testcase classname="com.smart.parameters.OrangeHRMTest" name="navgigateToMyInfo" time="0.0">
    <ignored/>
  </testcase> <!-- navgigateToMyInfo -->
</testsuite> <!-- Login Test -->
