<?xml version="1.0" encoding="UTF-8"?>
<!-- Generated by org.testng.reporters.JUnitXMLReporter -->
<testsuite ignored="0" hostname="DESKTOP-JHUJL83" failures="0" tests="11" name="Test1" time="0.148" errors="0" timestamp="2023-12-30T15:14:59 EST">
  <testcase classname="com.smart.parallel.TestClass1" name="testMethod1" time="0.017"/>
  <testcase classname="com.smart.parallel.TestClass1" name="testMethod2" time="0.003"/>
  <testcase classname="com.smart.parallel.TestClass2" name="testMethod5" time="0.018"/>
  <testcase classname="com.smart.parallel.TestClass3" name="testMethod10" time="0.018"/>
  <testcase classname="com.smart.parallel.TestClass2" name="testMethod6" time="0.003"/>
  <testcase classname="com.smart.parallel.TestClass2" name="testMethod7" time="0.007"/>
  <testcase classname="com.smart.parallel.TestClass3" name="testMethod11" time="0.016"/>
  <testcase classname="com.smart.parallel.TestClass3" name="testMethod8" time="0.002"/>
  <testcase classname="com.smart.parallel.TestClass1" name="testMethod3" time="0.007"/>
  <testcase classname="com.smart.parallel.TestClass1" name="testMethod4" time="0.003"/>
  <testcase classname="com.smart.parallel.TestClass3" name="testMethod9" time="0.006"/>
</testsuite> <!-- Test1 -->
