<?xml version="1.0" encoding="UTF-8"?>
<!-- Generated by org.testng.reporters.JUnitXMLReporter -->
<testsuite ignored="7" hostname="DESKTOP-JHUJL83" failures="1" tests="1" name="TestOne" time="0.083" errors="0" timestamp="2023-12-23T15:18:15 EST">
  <testcase classname="com.smart.group.TestClass" name="testFacebook" time="0.018">
    <failure type="java.lang.NullPointerException" message="Cannot invoke &amp;quot;org.openqa.selenium.WebDriver.get(String)&amp;quot; because &amp;quot;com.smart.group.TestClass.driver&amp;quot; is null">
      <![CDATA[java.lang.NullPointerException: Cannot invoke "org.openqa.selenium.WebDriver.get(String)" because "com.smart.group.TestClass.driver" is null
at com.smart.group.TestClass.testFacebook(TestClass.java:33)
at java.base/java.util.ArrayList.forEach(ArrayList.java:1511)
... Removed 27 stack frames]]>
    </failure>
  </testcase> <!-- testFacebook -->
  <testcase classname="com.smart.group.PricelineTest" name="createAccount" time="0.0">
    <ignored/>
  </testcase> <!-- createAccount -->
  <testcase classname="com.smart.group.TestClass" name="testGoogle" time="0.0">
    <ignored/>
  </testcase> <!-- testGoogle -->
  <testcase classname="com.smart.group.PricelineTest" name="logout" time="0.0">
    <ignored/>
  </testcase> <!-- logout -->
  <testcase classname="com.smart.group.PricelineTest" name="Login" time="0.0">
    <ignored/>
  </testcase> <!-- Login -->
  <testcase classname="com.smart.group.PricelineTest" name="checkout" time="0.0">
    <ignored/>
  </testcase> <!-- checkout -->
  <testcase classname="com.smart.group.TestClass" name="testOrangeHRM" time="0.0">
    <ignored/>
  </testcase> <!-- testOrangeHRM -->
  <testcase classname="com.smart.group.PricelineTest" name="searchFlight" time="0.0">
    <ignored/>
  </testcase> <!-- searchFlight -->
</testsuite> <!-- TestOne -->
