<?xml version="1.0" encoding="UTF-8"?>
<!-- Generated by org.testng.reporters.JUnitXMLReporter -->
<testsuite ignored="0" hostname="DESKTOP-JHUJL83" failures="0" tests="4" name="Test3" time="0.053" errors="0" timestamp="2023-12-30T15:14:59 EST">
  <testcase classname="com.smart.parallel.TestClass3" name="testMethod10" time="0.002"/>
  <testcase classname="com.smart.parallel.TestClass3" name="testMethod11" time="0.002"/>
  <testcase classname="com.smart.parallel.TestClass3" name="testMethod8" time="0.021"/>
  <testcase classname="com.smart.parallel.TestClass3" name="testMethod9" time="0.005"/>
</testsuite> <!-- Test3 -->
