<?xml version="1.0" encoding="UTF-8"?>
<!-- Generated by org.testng.reporters.JUnitXMLReporter -->
<testsuite ignored="0" hostname="DESKTOP-JHUJL83" failures="4" tests="4" name="Test" time="31.12" errors="0" timestamp="2023-12-30T14:55:51 EST">
  <testcase classname="com.smart.dataprovider.TestClass" name="testGoogle" time="13.848">
    <failure type="java.lang.AssertionError" message="The following asserts failed:
	Title mismatch! expected [Automation - Google search] but found [Automation - Google Search]">
      <![CDATA[java.lang.AssertionError: The following asserts failed:
Title mismatch! expected [Automation - Google search] but found [Automation - Google Search]
at com.smart.dataprovider.TestClass.testGoogle(TestClass.java:28)
at java.base/java.util.concurrent.FutureTask.run(FutureTask.java:264)
at java.base/java.util.concurrent.Executors$RunnableAdapter.call(Executors.java:539)
at java.base/java.util.concurrent.FutureTask.run(FutureTask.java:264)
at java.base/java.util.concurrent.ThreadPoolExecutor.runWorker(ThreadPoolExecutor.java:1136)
at java.base/java.util.concurrent.ThreadPoolExecutor$Worker.run(ThreadPoolExecutor.java:635)
at java.base/java.lang.Thread.run(Thread.java:833)
... Removed 11 stack frames]]>
    </failure>
  </testcase> <!-- testGoogle -->
  <testcase classname="com.smart.dataprovider.TestClass" name="testGoogle" time="23.231">
    <failure type="java.lang.AssertionError" message="The following asserts failed:
	Title mismatch! expected [ProSmart - Google search] but found [ProSmart - Google Search]">
      <![CDATA[java.lang.AssertionError: The following asserts failed:
Title mismatch! expected [ProSmart - Google search] but found [ProSmart - Google Search]
at com.smart.dataprovider.TestClass.testGoogle(TestClass.java:28)
at java.base/java.util.concurrent.FutureTask.run(FutureTask.java:264)
at java.base/java.util.concurrent.Executors$RunnableAdapter.call(Executors.java:539)
at java.base/java.util.concurrent.FutureTask.run(FutureTask.java:264)
at java.base/java.util.concurrent.ThreadPoolExecutor.runWorker(ThreadPoolExecutor.java:1136)
at java.base/java.util.concurrent.ThreadPoolExecutor$Worker.run(ThreadPoolExecutor.java:635)
at java.base/java.lang.Thread.run(Thread.java:833)
... Removed 11 stack frames]]>
    </failure>
  </testcase> <!-- testGoogle -->
  <testcase classname="com.smart.dataprovider.TestClass" name="testGoogle" time="6.498">
    <failure type="java.lang.AssertionError" message="The following asserts failed:
	Title mismatch! expected [cruise - Google search] but found [cruise - Google Search]">
      <![CDATA[java.lang.AssertionError: The following asserts failed:
Title mismatch! expected [cruise - Google search] but found [cruise - Google Search]
at com.smart.dataprovider.TestClass.testGoogle(TestClass.java:28)
at java.base/java.util.concurrent.FutureTask.run(FutureTask.java:264)
at java.base/java.util.concurrent.Executors$RunnableAdapter.call(Executors.java:539)
at java.base/java.util.concurrent.FutureTask.run(FutureTask.java:264)
at java.base/java.util.concurrent.ThreadPoolExecutor.runWorker(ThreadPoolExecutor.java:1136)
at java.base/java.util.concurrent.ThreadPoolExecutor$Worker.run(ThreadPoolExecutor.java:635)
at java.base/java.lang.Thread.run(Thread.java:833)
... Removed 11 stack frames]]>
    </failure>
  </testcase> <!-- testGoogle -->
  <testcase classname="com.smart.dataprovider.TestClass" name="testGoogle" time="17.174">
    <failure type="java.lang.AssertionError" message="The following asserts failed:
	Title mismatch! expected [Holiday - Google search] but found [Holiday - Google Search]">
      <![CDATA[java.lang.AssertionError: The following asserts failed:
Title mismatch! expected [Holiday - Google search] but found [Holiday - Google Search]
at com.smart.dataprovider.TestClass.testGoogle(TestClass.java:28)
at java.base/java.util.concurrent.FutureTask.run(FutureTask.java:264)
at java.base/java.util.concurrent.Executors$RunnableAdapter.call(Executors.java:539)
at java.base/java.util.concurrent.FutureTask.run(FutureTask.java:264)
at java.base/java.util.concurrent.ThreadPoolExecutor.runWorker(ThreadPoolExecutor.java:1136)
at java.base/java.util.concurrent.ThreadPoolExecutor$Worker.run(ThreadPoolExecutor.java:635)
at java.base/java.lang.Thread.run(Thread.java:833)
... Removed 11 stack frames]]>
    </failure>
  </testcase> <!-- testGoogle -->
</testsuite> <!-- Test -->
