<?xml version="1.0" encoding="UTF-8"?>
<!-- Generated by org.testng.reporters.JUnitXMLReporter -->
<testsuite ignored="1" hostname="DESKTOP-JHUJL83" failures="0" tests="2" name="TestInfinity" time="7.236" errors="0" timestamp="2023-12-17T12:00:49 EST">
  <testcase classname="com.qa.testNg.ClassOne" name="facebookTest" time="7.151"/>
  <testcase classname="com.qa.testNg.ClassTwo" name="testOrangeHRM" time="0.009"/>
  <testcase classname="com.qa.testNg.ClassOne" name="googleTest" time="0.0">
    <ignored/>
  </testcase> <!-- googleTest -->
</testsuite> <!-- TestInfinity -->
