<?xml version="1.0" encoding="UTF-8"?>
<!-- Generated by org.testng.reporters.JUnitXMLReporter -->
<testsuite ignored="7" hostname="DESKTOP-JHUJL83" failures="0" tests="0" time="0.002" errors="0" timestamp="2023-12-30T16:32:23 EST">
  <testcase classname="com.smart.listener.TestClassOne" name="testMethod7" time="0.0">
    <ignored/>
  </testcase> <!-- testMethod7 -->
  <testcase classname="com.smart.listener.TestClassOne" name="testMethod5" time="0.0">
    <ignored/>
  </testcase> <!-- testMethod5 -->
  <testcase classname="com.smart.listener.TestClassOne" name="testMethod6" time="0.0">
    <ignored/>
  </testcase> <!-- testMethod6 -->
  <testcase classname="com.smart.listener.TestClassOne" name="testMethod3" time="0.0">
    <ignored/>
  </testcase> <!-- testMethod3 -->
  <testcase classname="com.smart.listener.TestClassOne" name="testMethod4" time="0.0">
    <ignored/>
  </testcase> <!-- testMethod4 -->
  <testcase classname="com.smart.listener.TestClassOne" name="testMethod1" time="0.0">
    <ignored/>
  </testcase> <!-- testMethod1 -->
  <testcase classname="com.smart.listener.TestClassOne" name="testMethod2" time="0.0">
    <ignored/>
  </testcase> <!-- testMethod2 -->
</testsuite>
