<?xml version="1.0" encoding="UTF-8"?>
<testng-results ignored="14" total="14" passed="0" failed="0" skipped="0">
  <reporter-output>
  </reporter-output>
  <suite started-at="2023-12-30T16:32:23 EST" name="ListenerTest" finished-at="2023-12-30T16:32:23 EST" duration-ms="179">
    <groups>
    </groups>
    <test started-at="2023-12-30T16:32:23 EST" name="Test1" finished-at="2023-12-30T16:32:23 EST" duration-ms="18">
    </test> <!-- Test1 -->
    <test started-at="2023-12-30T16:32:23 EST" name="Test2" finished-at="2023-12-30T16:32:23 EST" duration-ms="2">
    </test> <!-- Test2 -->
  </suite> <!-- ListenerTest -->
</testng-results>
